<?xml version="1.0" encoding="UTF-8"?>
<testng-results ignored="0" total="2" passed="2" failed="0" skipped="0">
  <reporter-output>
  </reporter-output>
  <suite started-at="2020-05-16T15:08:54 CEST" name="TestSuite" finished-at="2020-05-16T15:11:36 CEST" duration-ms="161853">
    <groups>
    </groups>
    <test started-at="2020-05-16T15:08:54 CEST" name="TestSuite" finished-at="2020-05-16T15:11:36 CEST" duration-ms="161853">
      <class name="webPageTest.ProductsTest">
        <test-method is-config="true" signature="createDriver()[pri:0, instance:webPageTest.ProductsTest@1ee807c6]" started-at="2020-05-16T15:08:54 CEST" name="createDriver" finished-at="2020-05-16T15:09:08 CEST" duration-ms="13479" status="PASS">
          <reporter-output>
          </reporter-output>
        </test-method> <!-- createDriver -->
        <test-method signature="createProducts()[pri:1, instance:webPageTest.ProductsTest@1ee807c6]" started-at="2020-05-16T15:09:08 CEST" name="createProducts" finished-at="2020-05-16T15:11:05 CEST" duration-ms="117062" status="PASS">
          <reporter-output>
          </reporter-output>
        </test-method> <!-- createProducts -->
        <test-method signature="increasePrice1()[pri:3, instance:webPageTest.ProductsTest@1ee807c6]" started-at="2020-05-16T15:11:05 CEST" name="increasePrice1" finished-at="2020-05-16T15:11:36 CEST" duration-ms="31153" status="PASS">
          <reporter-output>
          </reporter-output>
        </test-method> <!-- increasePrice1 -->
        <test-method is-config="true" signature="TestQuit()[pri:0, instance:webPageTest.ProductsTest@1ee807c6]" started-at="2020-05-16T15:11:36 CEST" name="TestQuit" finished-at="2020-05-16T15:11:37 CEST" duration-ms="740" status="PASS">
          <reporter-output>
          </reporter-output>
        </test-method> <!-- TestQuit -->
      </class> <!-- webPageTest.ProductsTest -->
    </test> <!-- TestSuite -->
  </suite> <!-- TestSuite -->
</testng-results>
