<?xml version="1.0" encoding="UTF-8"?>
<testng-results ignored="0" total="2" passed="2" failed="0" skipped="0">
  <reporter-output>
  </reporter-output>
  <suite started-at="2020-05-15T23:52:52 CEST" name="Default suite" finished-at="2020-05-15T23:55:22 CEST" duration-ms="149586">
    <groups>
    </groups>
    <test started-at="2020-05-15T23:52:52 CEST" name="Default test" finished-at="2020-05-15T23:55:22 CEST" duration-ms="149586">
      <class name="webPageTest.ProductsTest">
        <test-method is-config="true" signature="createDriver()[pri:0, instance:webPageTest.ProductsTest@3d121db3]" started-at="2020-05-15T23:52:52 CEST" name="createDriver" finished-at="2020-05-15T23:53:04 CEST" duration-ms="12144" status="PASS">
          <reporter-output>
          </reporter-output>
        </test-method> <!-- createDriver -->
        <test-method signature="createProducts()[pri:1, instance:webPageTest.ProductsTest@3d121db3]" started-at="2020-05-15T23:53:04 CEST" name="createProducts" finished-at="2020-05-15T23:54:52 CEST" duration-ms="107764" status="PASS">
          <reporter-output>
          </reporter-output>
        </test-method> <!-- createProducts -->
        <test-method signature="increasePrice1()[pri:3, instance:webPageTest.ProductsTest@3d121db3]" started-at="2020-05-15T23:54:52 CEST" name="increasePrice1" finished-at="2020-05-15T23:55:22 CEST" duration-ms="29449" status="PASS">
          <reporter-output>
          </reporter-output>
        </test-method> <!-- increasePrice1 -->
        <test-method is-config="true" signature="TestQuit()[pri:0, instance:webPageTest.ProductsTest@3d121db3]" started-at="2020-05-15T23:55:22 CEST" name="TestQuit" finished-at="2020-05-15T23:55:22 CEST" duration-ms="718" status="PASS">
          <reporter-output>
          </reporter-output>
        </test-method> <!-- TestQuit -->
      </class> <!-- webPageTest.ProductsTest -->
    </test> <!-- Default test -->
  </suite> <!-- Default suite -->
</testng-results>
